<?xml version="1.0" encoding="UTF-8"?>
<!-- Generated by org.testng.reporters.JUnitReportReporter -->
<testsuite hostname="DESKTOP-2PIKAKN" failures="0" tests="1" name="tests.rest.TC002_AddLearner" time="20.330" errors="0" timestamp="2023-09-18T19:35:12 IST" skipped="0">
  <testcase classname="tests.rest.TC002_AddLearner" name="addLearner" time="20.330"/>
  <system-out/>
</testsuite> <!-- tests.rest.TC002_AddLearner -->
